# SOFTSUSY3.0.13
# B.C. Allanach, Comput. Phys. Commun. 143 (2002) 305-331, hep-ph/0104145
Block SPINFO         # Program information
     1   SOFTSUSY    # spectrum calculator
     2   3.0.13         # version number
     4   Point invalid: [ Tachyon MuSqWrongsign ]
Block MODSEL  # Select model
     1    0   # nonUniversal
Block SMINPUTS   # Standard Model inputs
     1    1.279089500e+02   # alpha_em^(-1)(MZ) SM MSbar
     2    1.166390000e-05   # G_Fermi
     3    1.187000000e-01   # alpha_s(MZ)MSbar
     4    9.118759900e+01   # MZ(pole)
     5    4.200000000e+00   # mb(mb)
     6    1.744552200e+02   # Mtop(pole)
     7    1.777030000e+00   # Mtau(pole)
Block MINPAR  # SUSY breaking input parameters
     3    1.176355600e+01   # tanb
     4    1.000000000e+00   # sign(mu)
Block EXTPAR          # non-universal SUSY breaking parameters
     1    1.307597100e+03         # M_1(MX)
     2    1.307597100e+03         # M_2(MX)
     3    1.307597100e+03         # M_3(MX)
     11    3.001169300e+03         # At(MX)
     12    3.001169300e+03         # Ab(MX)
     13    3.001169300e+03         # Atau(MX)
     21   -6.240387300e+06         # mHd^2(MX)
     22    6.723199300e+06         # mHu^2(MX)
     31    6.795611800e+02         # meL(MX)
     32    6.795611800e+02         # mmuL(MX)
     33    6.795611800e+02         # mtauL(MX)
     34    6.795611800e+02         # meR(MX)
     35    6.795611800e+02         # mmuR(MX)
     36    6.795611800e+02         # mtauR(MX)
     41    6.795611800e+02         # mqL1(MX)
     42    6.795611800e+02         # mqL2(MX)
     43    6.795611800e+02         # mqL3(MX)
     44    6.795611800e+02         # muR(MX)
     45    6.795611800e+02         # mcR(MX)
     46    6.795611800e+02         # mtR(MX)
     47    6.795611800e+02         # mdR(MX)
     48    6.795611800e+02         # msR(MX)
     49    6.795611800e+02         # mbR(MX)
# Low energy data in SOFTSUSY: MIXING=1 TOLERANCE=1.000000000e-03
# mgut=1.153060316e+16 GeV
Block MASS   # Mass spectrum
# PDG code     mass             particle
        24     8.040185429e+01   # MW
        25     1.184172539e+02   # h0
        35     2.728471087e+03   # H0
        36     2.728264709e+03   # A0
        37     2.729241063e+03   # H+
   1000021     2.796202296e+03   # ~g
   1000022     5.593322422e+02   # ~neutralino(1)
   1000023     1.053885564e+03   # ~neutralino(2)
   1000024     1.054261938e+03   # ~chargino(1)
   1000025    -1.461015103e+03   # ~neutralino(3)
   1000035     1.469362968e+03   # ~neutralino(4)
   1000037     1.479084967e+03   # ~chargino(2)
   1000001     2.595494391e+03   # ~d_L
   1000002     2.587127435e+03   # ~u_L
   1000003     2.595489261e+03   # ~s_L
   1000004     2.587121616e+03   # ~c_L
   1000005     2.253114589e+03   # ~b_1
   1000006     1.854917673e+03   # ~t_1
   1000011     1.233429210e+03   # ~e_L
   1000012     1.230831896e+03   # ~nue_L
   1000013     1.233048102e+03   # ~mu_L
   1000014     1.230821207e+03   # ~numu_L
   1000015     2.023156942e+02   # ~stau_1
   1000016     1.226998305e+03   # ~nu_tau_L
   1000021     2.796202296e+03   # ~g
   2000001     2.456356500e+03   # ~d_R
   2000002     2.596706970e+03   # ~u_R
   2000003     2.456357275e+03   # ~s_R
   2000004     2.596695980e+03   # ~c_R
   2000005     2.453270253e+03   # ~b_2
   2000006     2.261432711e+03   # ~t_2
   2000011     2.416463430e+02   # ~e_R
   2000013     2.415350104e+02   # ~mu_R
   2000015     1.229789887e+03   # ~stau_2
# Higgs mixing
Block alpha   # Effective Higgs mixing parameter
          -8.827347966e-02   # alpha
Block nmix  # neutralino mixing matrix
  1  1     9.991678873e-01   # N_{1,1}
  1  2    -3.131020663e-03   # N_{1,2}
  1  3     3.697732477e-02   # N_{1,3}
  1  4    -1.692356546e-02   # N_{1,4}
  2  1     8.769585861e-03   # N_{2,1}
  2  2     9.897392277e-01   # N_{2,2}
  2  3    -1.138443427e-01   # N_{2,3}
  2  4     8.590006491e-02   # N_{2,4}
  3  1    -1.410239018e-02   # N_{3,1}
  3  2     1.999868517e-02   # N_{3,2}
  3  3     7.064750888e-01   # N_{3,3}
  3  4     7.073147277e-01   # N_{3,4}
  4  1    -3.725251482e-02   # N_{4,1}
  4  2     1.414443723e-01   # N_{4,2}
  4  3     6.975421794e-01   # N_{4,3}
  4  4    -7.014560911e-01   # N_{4,4}
Block Umix  # chargino U mixing matrix 
  1  1     9.873533633e-01   # U_{1,1}
  1  2    -1.585349678e-01   # U_{1,2}
  2  1     1.585349678e-01   # U_{2,1}
  2  2     9.873533633e-01   # U_{2,2}
Block Vmix  # chargino V mixing matrix 
  1  1     9.927447033e-01   # V_{1,1}
  1  2    -1.202412330e-01   # V_{1,2}
  2  1     1.202412330e-01   # V_{2,1}
  2  2     9.927447033e-01   # V_{2,2}
Block stopmix  # stop mixing matrix
  1  1     1.076041024e-01   # F_{11}
  1  2     9.941938227e-01   # F_{12}
  2  1     9.941938227e-01   # F_{21}
  2  2    -1.076041024e-01   # F_{22}
Block sbotmix  # sbottom mixing matrix
  1  1     9.991235371e-01   # F_{11}
  1  2     4.185878118e-02   # F_{12}
  2  1    -4.185878118e-02   # F_{21}
  2  2     9.991235371e-01   # F_{22}
Block staumix  # stau mixing matrix
  1  1     1.758201633e-02   # F_{11}
  1  2     9.998454244e-01   # F_{12}
  2  1     9.998454244e-01   # F_{21}
  2  2    -1.758201633e-02   # F_{22}
Block gauge Q= 1.985219365e+03  
     1     3.645420884e-01   # g'(Q)MSSM DRbar
     2     6.380767717e-01   # g(Q)MSSM DRbar
     3     1.022326549e+00   # g3(Q)MSSM DRbar
Block yu Q= 1.985219365e+03  
  3  3     8.403344180e-01   # Yt(Q)MSSM DRbar
Block yd Q= 1.985219365e+03  
  3  3     1.490052649e-01   # Yb(Q)MSSM DRbar
Block ye Q= 1.985219365e+03  
  3  3     1.176645894e-01   # Ytau(Q)MSSM DRbar
Block hmix Q= 1.985219365e+03  # Higgs mixing parameters
     1     1.465635080e+03   # mu(Q)MSSM DRbar
     2     1.126800438e+01   # tan beta(Q)MSSM DRbar
     3     2.433459974e+02   # higgs vev(Q)MSSM DRbar
     4     1.313994258e+06   # mA^2(Q)MSSM DRbar
Block msoft Q= 1.985219365e+03 # MSSM DRbar SUSY breaking parameters
     1     5.699953901e+02   # M_1(Q)
     2     1.031025972e+03   # M_2(Q)
     3     2.729827623e+03   # M_3(Q)
    21    -5.232588375e+06   # mH1^2(Q)
    22     2.147182728e+06   # mH2^2(Q)
    31     1.223887881e+03   # meL(Q)
    32     1.223877103e+03   # mmuL(Q)
    33     1.220686852e+03   # mtauL(Q)
    34     2.086940041e+02   # meR(Q)
    35     2.085679371e+02   # mmuR(Q)
    36     1.671691713e+02   # mtauR(Q)
    41     2.520830682e+03   # mqL1(Q)
    42     2.520824945e+03   # mqL2(Q)
    43     2.187366039e+03   # mqL3(Q)
    44     2.528532375e+03   # muR(Q)
    45     2.528522976e+03   # mcR(Q)
    46     1.794547149e+03   # mtR(Q)
    47     2.385035202e+03   # mdR(Q)
    48     2.385032955e+03   # msR(Q)
    49     2.382495377e+03   # mbR(Q)
Block au Q= 1.985219365e+03  
  1  1    -6.686768329e+02   # Au(Q)MSSM DRbar
  2  2    -6.686840817e+02   # Ac(Q)MSSM DRbar
  3  3    -1.025734720e+03   # At(Q)MSSM DRbar
Block ad Q= 1.985219365e+03  
  1  1    -3.151942074e+02   # Ad(Q)MSSM DRbar
  2  2    -3.152022088e+02   # As(Q)MSSM DRbar
  3  3    -4.446706616e+02   # Ab(Q)MSSM DRbar
Block ae Q= 1.985219365e+03  
  1  1     2.219214758e+03   # Ae(Q)MSSM DRbar
  2  2     2.219121389e+03   # Amu(Q)MSSM DRbar
  3  3     2.190523930e+03   # Atau(Q)MSSM DRbar
